<?xml version="1.0" encoding="UTF-8"?><testsuite errors="0" failures="1" name="Como usuario de la calculadora deseo realizar la suma de dos números" skipped="0" tests="1" time="12.46" timestamp="2023-06-28 07:17:31"><testcase name="sumar siete mas cinco"><failure message="Expected enabled element was not enabled" type="net.thucydides.core.webdriver.exceptions.ElementShouldBeEnabledException">Expected enabled element was not enabled</failure><system-err>Expected
    enabled element was not enabled&#13;
    org.swaglabs.tasks.Realizar.performAs(Realizar.java:19)&#13;
    stepdefinitions.SumarStepDefinition.realizaLaOperacionSumaDeSieteMasCinco(SumarStepDefinitions.java:28)&#13;
    cucumber.runner.Runner.runPickle(Runner.java:80)&#13;
    worker.org.gradle.process.internal.worker.GradleWorkerMain.run(GradleWorkerMain.java:69)&#13;
    worker.org.gradle.process.internal.worker.GradleWorkerMain.main(GradleWorkerMain.java:74)&#13;
</system-err></testcase></testsuite>